[2023-04-02T00:36:58.314] [INFO] info - 连接数据库成功
[2023-04-02T00:40:09.214] [INFO] info - 连接数据库成功
[2023-04-02T00:40:55.548] [INFO] info - 连接数据库成功
[2023-04-02T00:50:39.657] [INFO] info - 连接数据库成功
[2023-04-02T00:51:58.590] [INFO] info - 连接数据库成功
[2023-04-02T00:51:59.537] [INFO] info - 连接数据库成功
[2023-04-02T00:52:28.702] [INFO] info - 连接数据库成功
[2023-04-02T00:52:59.854] [INFO] info - 连接数据库成功
[2023-04-02T00:53:02.199] [INFO] info - 连接数据库成功
[2023-04-02T00:53:08.156] [INFO] info - 连接数据库成功
[2023-04-02T00:53:08.854] [INFO] info - 连接数据库成功
[2023-04-02T00:53:13.824] [INFO] info - 连接数据库成功
[2023-04-02T00:53:25.254] [INFO] info - 连接数据库成功
[2023-04-02T00:53:31.219] [INFO] info - 连接数据库成功
[2023-04-02T00:53:40.418] [INFO] info - 连接数据库成功
[2023-04-02T00:54:15.043] [INFO] info - 连接数据库成功
[2023-04-02T00:54:19.424] [INFO] info - 连接数据库成功
[2023-04-02T00:54:21.117] [INFO] info - 连接数据库成功
[2023-04-02T00:54:28.233] [INFO] info - 连接数据库成功
[2023-04-02T00:54:29.552] [INFO] info - 连接数据库成功
[2023-04-02T00:54:34.154] [INFO] info - 连接数据库成功
[2023-04-02T00:54:39.570] [INFO] info - 连接数据库成功
[2023-04-02T00:55:05.369] [INFO] info - 连接数据库成功
[2023-04-02T00:55:15.470] [INFO] info - 连接数据库成功
[2023-04-02T00:55:34.980] [INFO] info - 连接数据库成功
[2023-04-02T00:55:45.495] [INFO] info - 连接数据库成功
[2023-04-02T00:56:12.820] [INFO] info - 连接数据库成功
[2023-04-02T00:56:27.553] [INFO] info - 连接数据库成功
[2023-04-02T00:57:15.083] [INFO] info - 连接数据库成功
[2023-04-02T00:58:04.591] [INFO] info - 连接数据库成功
[2023-04-02T01:00:22.439] [INFO] info - 连接数据库成功
[2023-04-02T01:04:24.420] [INFO] info - 连接数据库成功
[2023-04-02T01:04:46.075] [INFO] info - 连接数据库成功
[2023-04-02T01:04:51.677] [INFO] info - 连接数据库成功
[2023-04-02T01:05:02.693] [INFO] info - 连接数据库成功
[2023-04-02T01:05:15.356] [INFO] info - 连接数据库成功
[2023-04-02T01:05:30.913] [INFO] info - 连接数据库成功
[2023-04-02T01:05:33.918] [INFO] info - 连接数据库成功
[2023-04-02T01:05:38.615] [INFO] info - 连接数据库成功
[2023-04-02T01:05:43.592] [INFO] info - 连接数据库成功
[2023-04-02T01:05:50.913] [INFO] info - 连接数据库成功
[2023-04-02T01:06:26.569] [INFO] info - 连接数据库成功
[2023-04-02T01:12:55.777] [INFO] info - 连接数据库成功
[2023-04-02T01:13:35.141] [INFO] info - 连接数据库成功
[2023-04-02T01:14:01.265] [INFO] info - 连接数据库成功
[2023-04-02T01:14:14.715] [INFO] info - 连接数据库成功
[2023-04-02T01:14:17.444] [INFO] info - 连接数据库成功
[2023-04-02T01:14:42.022] [INFO] info - 连接数据库成功
[2023-04-02T01:14:52.069] [INFO] info - 连接数据库成功
[2023-04-02T01:14:57.848] [INFO] info - 连接数据库成功
[2023-04-02T01:15:46.632] [INFO] info - 连接数据库成功
[2023-04-02T01:15:53.793] [INFO] info - 连接数据库成功
[2023-04-02T01:15:57.744] [INFO] info - 连接数据库成功
[2023-04-02T01:16:03.490] [INFO] info - 连接数据库成功
[2023-04-02T01:16:10.280] [INFO] info - 连接数据库成功
[2023-04-02T01:16:17.105] [INFO] info - 连接数据库成功
[2023-04-02T01:16:29.728] [INFO] info - 连接数据库成功
[2023-04-02T01:16:40.279] [INFO] info - 连接数据库成功
[2023-04-02T01:22:14.610] [INFO] info - 连接数据库成功
[2023-04-02T01:22:57.304] [INFO] info - 连接数据库成功
[2023-04-02T01:23:32.190] [INFO] info - 连接数据库成功
[2023-04-02T01:27:46.856] [INFO] info - 连接数据库成功
[2023-04-02T01:30:49.071] [INFO] info - 连接数据库成功
[2023-04-02T01:33:01.879] [INFO] info - 连接数据库成功
[2023-04-02T01:33:41.820] [INFO] info - 连接数据库成功
[2023-04-02T01:34:33.311] [INFO] info - 连接数据库成功
[2023-04-02T01:34:36.862] [INFO] info - 连接数据库成功
[2023-04-02T01:36:23.198] [INFO] info - 连接数据库成功
[2023-04-02T01:36:44.909] [INFO] info - 连接数据库成功
[2023-04-02T01:37:10.933] [INFO] info - 连接数据库成功
[2023-04-02T01:38:43.021] [INFO] info - 连接数据库成功
[2023-04-02T01:39:04.045] [INFO] info - 连接数据库成功
[2023-04-02T01:39:10.132] [INFO] info - 连接数据库成功
[2023-04-02T01:41:27.912] [INFO] info - 连接数据库成功
[2023-04-02T01:42:30.273] [INFO] info - 连接数据库成功
[2023-04-02T01:43:58.822] [INFO] info - 连接数据库成功
[2023-04-02T01:44:15.973] [INFO] info - 连接数据库成功
[2023-04-02T01:50:26.830] [INFO] info - 连接数据库成功
[2023-04-02T01:50:51.732] [DEBUG] debug - 添加用户成功
[2023-04-02T01:51:20.923] [INFO] info - 连接数据库成功

[2023-04-02T01:53:12.628] [INFO] info - 连接数据库成功
[2023-04-02T01:53:43.539] [INFO] info - 连接数据库成功
[2023-04-02T14:22:21.741] [INFO] info - 连接数据库成功
[2023-04-02T14:23:02.581] [INFO] info - 连接数据库成功
[2023-04-02T14:24:45.411] [INFO] info - 连接数据库成功
[2023-04-02T14:27:24.438] [INFO] info - 连接数据库成功
[2023-04-02T14:30:23.248] [INFO] info - 连接数据库成功
[2023-04-02T14:32:22.064] [INFO] info - 连接数据库成功
[2023-04-02T14:32:54.051] [INFO] info - 连接数据库成功
[2023-04-02T14:33:21.467] [INFO] info - 连接数据库成功
[2023-04-02T14:33:32.599] [INFO] info - 连接数据库成功
[2023-04-02T14:36:06.150] [INFO] info - 连接数据库成功
[2023-04-02T14:36:12.640] [INFO] info - 连接数据库成功
[2023-04-02T14:38:16.996] [INFO] info - 连接数据库成功
[2023-04-02T14:38:33.530] [INFO] info - 连接数据库成功
[2023-04-02T14:38:49.991] [INFO] info - 连接数据库成功
[2023-04-02T14:39:00.206] [INFO] info - 连接数据库成功
[2023-04-02T14:39:41.822] [INFO] info - 连接数据库成功
[2023-04-02T14:40:04.128] [INFO] info - 连接数据库成功
[2023-04-02T14:40:23.722] [INFO] info - 连接数据库成功
[2023-04-02T14:40:52.441] [INFO] info - 连接数据库成功
[2023-04-02T14:41:25.044] [INFO] info - 连接数据库成功
[2023-04-02T14:42:21.757] [INFO] info - 连接数据库成功
[2023-04-02T14:42:26.558] [INFO] info - 连接数据库成功
[2023-04-02T14:42:39.083] [INFO] info - 连接数据库成功
[2023-04-02T14:42:55.918] [INFO] info - 连接数据库成功
[2023-04-02T14:43:30.747] [INFO] info - 连接数据库成功
[2023-04-02T14:44:59.745] [INFO] info - 连接数据库成功
[2023-04-02T14:45:04.854] [INFO] info - 连接数据库成功
[2023-04-02T14:45:34.586] [INFO] info - 连接数据库成功
[2023-04-02T14:46:00.706] [INFO] info - 连接数据库成功
[2023-04-02T14:47:39.320] [INFO] info - 连接数据库成功
[2023-04-02T14:48:02.441] [INFO] info - 连接数据库成功
[2023-04-02T14:48:05.215] [INFO] info - 连接数据库成功
[2023-04-02T14:48:09.865] [INFO] info - 连接数据库成功
[2023-04-02T14:48:56.805] [INFO] info - 连接数据库成功
[2023-04-02T14:48:58.327] [INFO] info - 连接数据库成功
[2023-04-02T14:49:14.882] [INFO] info - 连接数据库成功
[2023-04-02T14:50:06.850] [INFO] info - 连接数据库成功
[2023-04-02T14:51:14.638] [INFO] info - 连接数据库成功
[2023-04-02T14:51:30.613] [INFO] info - 连接数据库成功
[2023-04-02T14:53:23.240] [INFO] info - 连接数据库成功
[2023-04-02T14:54:05.174] [INFO] info - 连接数据库成功
[2023-04-02T14:54:12.362] [INFO] info - 连接数据库成功
[2023-04-02T14:54:31.542] [INFO] info - 连接数据库成功
[2023-04-02T14:55:18.883] [INFO] info - 连接数据库成功
[2023-04-02T14:55:49.781] [INFO] info - 连接数据库成功
[2023-04-02T14:55:52.181] [INFO] info - 连接数据库成功
[2023-04-02T14:56:12.362] [INFO] info - 连接数据库成功
[2023-04-02T14:58:05.674] [INFO] info - 连接数据库成功
[2023-04-02T14:59:06.248] [INFO] info - 连接数据库成功
[2023-04-02T14:59:07.601] [INFO] info - 连接数据库成功
[2023-04-02T14:59:47.888] [INFO] info - 连接数据库成功
[2023-04-02T14:59:56.983] [INFO] info - 连接数据库成功
[2023-04-02T14:59:58.084] [INFO] info - 连接数据库成功
[2023-04-02T15:00:24.598] [INFO] info - 连接数据库成功
[2023-04-02T15:01:05.355] [INFO] info - 连接数据库成功
[2023-04-02T15:01:47.929] [INFO] info - 连接数据库成功
[2023-04-02T15:02:21.568] [INFO] info - 连接数据库成功
[2023-04-02T15:02:23.832] [INFO] info - 连接数据库成功
[2023-04-02T15:04:59.035] [INFO] info - 连接数据库成功
[2023-04-02T15:05:26.585] [INFO] info - 连接数据库成功
[2023-04-02T15:05:45.138] [INFO] info - 连接数据库成功
[2023-04-02T15:06:04.000] [INFO] info - 连接数据库成功
[2023-04-02T15:06:12.225] [INFO] info - 连接数据库成功
[2023-04-02T15:06:25.580] [INFO] info - 连接数据库成功
[2023-04-02T15:07:06.252] [INFO] info - 连接数据库成功
[2023-04-02T15:12:38.555] [INFO] info - 连接数据库成功
[2023-04-02T15:13:48.350] [INFO] info - 连接数据库成功
[2023-04-02T15:15:08.807] [INFO] info - 连接数据库成功
[2023-04-02T15:16:13.349] [INFO] info - 连接数据库成功
[2023-04-02T15:17:01.234] [INFO] info - 连接数据库成功
[2023-04-02T15:17:53.646] [INFO] info - 连接数据库成功
[2023-04-02T15:18:22.971] [INFO] info - 连接数据库成功
[2023-04-02T15:21:04.442] [INFO] info - 连接数据库成功
[2023-04-02T15:21:23.365] [INFO] info - 连接数据库成功
[2023-04-02T15:21:47.186] [INFO] info - 连接数据库成功
[2023-04-02T15:26:13.295] [INFO] info - 连接数据库成功
[2023-04-02T15:26:59.452] [INFO] info - 连接数据库成功
[2023-04-02T15:27:00.905] [INFO] info - 删除用户{
  _id: new ObjectId("642928af4a65b4a5f9a0fde2"),
  username: 'test',
  password: '$2b$10$R/MPtpxyT0u1oiNMWdTdJ.7dWPhwjipQ2UxT8ZOm75dx4Jc.Vg36G',
  email: '2232304932@qq.com',
  phone: '110',
  sex: '男',
  state: 1,
  roleList: [],
  create_time: '1680418943723',
  lastLogin_time: '1680418943723',
  __v: 0
}
[2023-04-02T15:27:33.382] [INFO] info - 连接数据库成功
[2023-04-02T21:09:43.328] [INFO] info - 连接数据库成功
[2023-04-02T21:12:50.642] [INFO] info - 连接数据库成功
[2023-04-02T21:13:20.794] [INFO] info - 连接数据库成功
[2023-04-02T21:13:53.127] [INFO] info - 连接数据库成功
[2023-04-02T21:13:54.188] [INFO] info - 连接数据库成功
[2023-04-02T21:13:58.396] [INFO] info - 连接数据库成功
[2023-04-02T21:14:11.216] [INFO] info - 连接数据库成功
[2023-04-02T21:14:21.813] [INFO] info - 连接数据库成功
[2023-04-02T21:17:19.085] [INFO] info - 连接数据库成功
[2023-04-02T21:17:24.736] [INFO] info - 连接数据库成功
[2023-04-02T21:17:27.238] [INFO] info - 连接数据库成功
[2023-04-02T21:17:29.803] [INFO] info - 连接数据库成功
[2023-04-02T21:17:30.645] [INFO] info - 连接数据库成功
[2023-04-02T21:17:35.838] [INFO] info - 连接数据库成功
[2023-04-02T21:17:45.994] [INFO] info - 连接数据库成功
[2023-04-02T21:17:49.217] [INFO] info - 连接数据库成功
[2023-04-02T21:18:05.997] [INFO] info - 连接数据库成功
[2023-04-02T21:18:21.952] [INFO] info - 连接数据库成功
[2023-04-02T21:18:40.425] [INFO] info - 连接数据库成功
[2023-04-02T21:19:05.433] [INFO] info - 连接数据库成功
[2023-04-02T21:19:06.602] [INFO] info - 连接数据库成功
[2023-04-02T21:20:07.019] [INFO] info - 连接数据库成功
[2023-04-02T21:20:41.185] [INFO] info - 连接数据库成功
[2023-04-02T21:22:59.467] [INFO] info - 连接数据库成功
[2023-04-02T21:23:26.680] [INFO] info - 连接数据库成功
[2023-04-02T21:24:38.848] [INFO] info - 连接数据库成功
[2023-04-02T21:27:20.233] [INFO] info - 连接数据库成功
[2023-04-02T21:27:56.052] [INFO] info - 连接数据库成功
[2023-04-02T21:28:31.813] [INFO] info - 连接数据库成功
[2023-04-02T21:28:37.032] [INFO] info - 连接数据库成功
[2023-04-02T21:29:04.965] [INFO] info - 连接数据库成功
[2023-04-02T21:33:51.952] [INFO] info - 连接数据库成功
[2023-04-02T21:35:38.374] [INFO] info - 连接数据库成功
[2023-04-02T21:35:53.393] [INFO] info - 连接数据库成功
[2023-04-02T21:36:09.473] [INFO] info - 连接数据库成功
[2023-04-02T21:36:49.319] [INFO] info - 连接数据库成功
[2023-04-02T21:37:36.280] [INFO] info - 连接数据库成功
[2023-04-02T21:38:03.400] [INFO] info - 连接数据库成功
[2023-04-02T21:38:17.855] [INFO] info - 连接数据库成功
[2023-04-02T21:40:10.357] [INFO] info - 连接数据库成功
[2023-04-02T21:48:45.968] [INFO] info - 连接数据库成功
[2023-04-02T22:06:43.427] [INFO] info - 连接数据库成功
[2023-04-02T22:22:49.035] [INFO] info - 连接数据库成功
[2023-04-02T22:23:16.057] [INFO] info - 连接数据库成功
[2023-04-02T22:25:36.897] [INFO] info - 连接数据库成功
[2023-04-02T22:31:42.684] [INFO] info - 连接数据库成功
[2023-04-02T22:33:13.955] [INFO] info - 连接数据库成功
[2023-04-02T22:37:29.687] [INFO] info - 连接数据库成功
[2023-04-02T23:00:19.124] [INFO] info - 连接数据库成功
[2023-04-02T23:00:21.824] [INFO] info - 连接数据库成功
[2023-04-03T08:32:40.583] [INFO] info - 连接数据库成功
[2023-04-03T08:33:09.678] [INFO] info - 连接数据库成功
[2023-04-03T08:33:28.451] [INFO] info - 连接数据库成功
[2023-04-03T08:33:33.620] [INFO] info - 连接数据库成功
[2023-04-03T08:33:56.850] [INFO] info - 连接数据库成功
[2023-04-03T08:33:58.652] [INFO] info - 连接数据库成功
[2023-04-03T08:35:49.702] [INFO] info - 连接数据库成功
[2023-04-03T08:35:54.151] [INFO] info - 连接数据库成功
[2023-04-03T08:37:24.283] [INFO] info - 连接数据库成功
[2023-04-03T08:39:23.040] [INFO] info - 连接数据库成功
[2023-04-03T08:40:30.119] [INFO] info - 连接数据库成功
[2023-04-03T08:42:28.478] [INFO] info - 连接数据库成功
[2023-04-03T08:42:40.121] [INFO] info - 连接数据库成功
[2023-04-03T08:42:52.315] [INFO] info - 连接数据库成功
[2023-04-03T08:42:57.660] [INFO] info - 连接数据库成功
[2023-04-03T08:43:14.867] [INFO] info - 连接数据库成功
[2023-04-03T08:44:40.624] [INFO] info - 连接数据库成功
[2023-04-03T08:46:48.894] [INFO] info - 连接数据库成功
[2023-04-03T08:47:05.534] [INFO] info - 连接数据库成功
[2023-04-03T08:48:59.437] [INFO] info - 连接数据库成功
[2023-04-03T08:53:15.144] [INFO] info - 连接数据库成功
[2023-04-03T08:54:22.141] [INFO] info - 连接数据库成功
[2023-04-03T08:56:34.584] [INFO] info - 连接数据库成功
[2023-04-03T08:56:39.566] [INFO] info - 连接数据库成功
[2023-04-03T08:57:24.529] [INFO] info - 连接数据库成功
[2023-04-03T08:57:34.159] [INFO] info - 连接数据库成功
[2023-04-03T08:58:43.571] [INFO] info - 连接数据库成功
[2023-04-03T08:59:16.574] [INFO] info - 连接数据库成功
[2023-04-03T09:01:34.896] [INFO] info - 连接数据库成功
[2023-04-03T09:02:26.694] [INFO] info - 连接数据库成功
[2023-04-03T09:02:50.230] [INFO] info - 连接数据库成功
[2023-04-03T09:02:54.975] [INFO] info - 连接数据库成功
[2023-04-03T09:03:02.424] [INFO] info - 连接数据库成功
[2023-04-03T09:05:25.286] [INFO] info - 连接数据库成功
[2023-04-03T09:06:32.208] [INFO] info - 连接数据库成功
[2023-04-03T09:07:27.974] [INFO] info - 连接数据库成功
[2023-04-03T09:08:10.356] [INFO] info - 连接数据库成功
[2023-04-03T09:10:55.829] [INFO] info - 连接数据库成功
[2023-04-03T09:11:05.383] [INFO] info - 连接数据库成功
[2023-04-03T09:11:42.356] [INFO] info - 连接数据库成功
[2023-04-03T09:22:27.518] [INFO] info - 连接数据库成功
[2023-04-03T09:24:02.411] [INFO] info - 连接数据库成功
[2023-04-03T09:26:30.037] [INFO] info - 连接数据库成功
[2023-04-03T09:29:14.147] [INFO] info - 连接数据库成功
[2023-04-03T09:31:12.978] [INFO] info - 连接数据库成功
[2023-04-03T09:32:42.947] [INFO] info - 连接数据库成功
[2023-04-03T09:33:36.008] [INFO] info - 连接数据库成功
[2023-04-03T09:36:21.320] [INFO] info - 连接数据库成功
[2023-04-03T10:35:07.432] [INFO] info - 连接数据库成功
[2023-04-03T10:58:24.778] [INFO] info - 连接数据库成功
[2023-04-03T10:58:55.276] [INFO] info - 连接数据库成功
[2023-04-03T10:59:20.173] [INFO] info - 连接数据库成功
[2023-04-03T10:59:48.184] [INFO] info - 连接数据库成功
[2023-04-03T11:00:01.488] [INFO] info - 连接数据库成功
[2023-04-03T11:00:10.810] [INFO] info - 连接数据库成功
[2023-04-03T11:00:36.198] [INFO] info - 连接数据库成功
[2023-04-03T11:00:41.758] [INFO] info - 连接数据库成功
[2023-04-03T11:00:46.035] [INFO] info - 连接数据库成功
[2023-04-03T11:20:52.292] [INFO] info - 删除用户{
  _id: new ObjectId("64286efbfcde11791123b5df"),
  username: 'admin123',
  password: '$2b$10$ueiHIlS85jvOlAkma/rchOEWqwOgzMomF5yLO/J02A1o.NXVXd3ee',
  email: '2232304932@qq.com',
  phone: '110',
  sex: '男',
  state: true,
  roleList: [],
  create_time: '1680371426805',
  lastLogin_time: '1680371426805',
  __v: 0
}
[2023-04-03T11:22:05.576] [INFO] info - 删除用户{
  _id: new ObjectId("642a46552d35338d0667dea6"),
  username: 'admin123',
  password: '$2b$10$Vm3c8e0T/1YrLRKrJzF9HOHrYQCvqKQhMNXEujBfVzXxrkElDgMsi',
  email: '2232304932@qq.com',
  phone: '110',
  sex: '男',
  state: true,
  roleList: [],
  create_time: '1680490846001',
  lastLogin_time: '1680490846001',
  __v: 0
}
[2023-04-03T11:25:30.024] [INFO] info - 连接数据库成功
[2023-04-03T11:37:47.730] [INFO] info - 连接数据库成功
[2023-04-03T11:40:24.308] [INFO] info - 连接数据库成功
[2023-04-03T11:40:42.209] [INFO] info - 连接数据库成功
[2023-04-03T11:41:39.901] [INFO] info - 连接数据库成功
[2023-04-03T11:41:55.185] [INFO] info - 连接数据库成功
[2023-04-03T11:42:03.409] [INFO] info - 连接数据库成功
[2023-04-03T11:42:09.178] [INFO] info - 连接数据库成功
[2023-04-03T11:43:00.431] [INFO] info - 连接数据库成功
[2023-04-03T11:44:13.502] [INFO] info - 连接数据库成功
[2023-04-03T11:51:11.763] [INFO] info - 连接数据库成功
[2023-04-03T11:52:25.563] [INFO] info - 连接数据库成功
[2023-04-03T11:54:05.399] [INFO] info - 连接数据库成功
[2023-04-03T11:54:42.165] [INFO] info - 连接数据库成功
[2023-04-03T11:55:22.956] [INFO] info - 连接数据库成功
[2023-04-03T11:56:35.573] [INFO] info - 连接数据库成功
[2023-04-03T11:56:43.055] [INFO] info - 连接数据库成功
[2023-04-03T11:58:40.835] [INFO] info - 连接数据库成功
[2023-04-03T12:00:05.043] [INFO] info - 连接数据库成功
[2023-04-03T12:00:34.824] [INFO] info - 连接数据库成功
[2023-04-03T12:03:44.827] [INFO] info - 连接数据库成功
[2023-04-03T12:05:18.244] [INFO] info - 连接数据库成功
[2023-04-03T12:06:38.090] [INFO] info - 连接数据库成功
[2023-04-03T12:11:53.386] [INFO] info - 连接数据库成功
[2023-04-03T12:12:06.096] [INFO] info - 连接数据库成功
[2023-04-03T12:12:30.856] [INFO] info - 连接数据库成功
[2023-04-03T12:27:21.030] [INFO] info - 连接数据库成功
[2023-04-03T12:34:53.161] [INFO] info - 删除分类{
  _id: new ObjectId("642a572b401a0c0a70462b9c"),
  name: 'test123',
  state: true,
  create_time: '1680496041002',
  __v: 0
}
[2023-04-03T12:35:13.086] [INFO] info - 删除分类{
  _id: new ObjectId("642a5728401a0c0a70462b9a"),
  name: 'test',
  state: true,
  create_time: '1680496041002',
  __v: 0
}
[2023-04-03T12:35:49.456] [INFO] info - 删除分类{
  _id: new ObjectId("642a579f401a0c0a70462bb8"),
  name: 'test1235',
  state: true,
  create_time: '1680496041002',
  __v: 0
}
[2023-04-03T12:37:24.949] [INFO] info - 连接数据库成功
[2023-04-03T12:38:15.441] [INFO] info - 连接数据库成功
[2023-04-03T12:38:32.398] [INFO] info - 连接数据库成功
[2023-04-03T12:38:58.330] [INFO] info - 删除分类{
  _id: new ObjectId("642a58389ec8e47967957bd6"),
  name: 'test1235',
  state: true,
  create_time: '1680496695388',
  __v: 0
}
[2023-04-03T12:38:59.343] [INFO] info - 删除分类{
  _id: new ObjectId("642a581565d54e4518ff4df4"),
  name: 'test1235',
  state: true,
  create_time: '1680496644924',
  __v: 0
}
[2023-04-03T12:39:00.400] [INFO] info - 删除分类{
  _id: new ObjectId("642a581365d54e4518ff4df1"),
  name: 'test1235',
  state: true,
  create_time: '1680496644924',
  __v: 0
}
[2023-04-03T12:39:01.774] [INFO] info - 删除分类{
  _id: new ObjectId("642a581265d54e4518ff4dee"),
  name: 'test1235',
  state: true,
  create_time: '1680496644924',
  __v: 0
}
[2023-04-03T12:39:03.412] [INFO] info - 删除分类{
  _id: new ObjectId("642a579d401a0c0a70462bb6"),
  name: 'test123',
  state: true,
  create_time: '1680496041002',
  __v: 0
}
[2023-04-03T12:47:55.897] [INFO] info - 连接数据库成功
[2023-04-03T12:48:52.097] [INFO] info - 连接数据库成功
[2023-04-03T12:49:01.239] [INFO] info - 连接数据库成功
[2023-04-03T12:49:04.210] [INFO] info - 连接数据库成功
[2023-04-03T12:49:05.428] [INFO] info - 连接数据库成功
[2023-04-03T12:49:14.718] [INFO] info - 连接数据库成功
[2023-04-03T12:49:25.433] [INFO] info - 连接数据库成功
[2023-04-03T12:52:14.407] [INFO] info - 连接数据库成功
[2023-04-03T12:52:22.480] [INFO] info - 连接数据库成功
[2023-04-03T12:52:37.952] [INFO] info - 连接数据库成功
[2023-04-03T12:52:51.114] [INFO] info - 连接数据库成功
[2023-04-03T12:52:56.803] [INFO] info - 连接数据库成功
[2023-04-03T12:52:57.606] [INFO] info - 连接数据库成功
[2023-04-03T12:53:02.688] [INFO] info - 连接数据库成功
[2023-04-03T12:53:07.021] [INFO] info - 连接数据库成功
[2023-04-03T12:53:16.692] [INFO] info - 连接数据库成功
[2023-04-03T12:53:48.089] [INFO] info - 连接数据库成功
[2023-04-03T12:54:17.113] [INFO] info - 连接数据库成功
[2023-04-03T12:54:43.646] [INFO] info - 连接数据库成功
[2023-04-03T12:54:55.528] [INFO] info - 连接数据库成功
[2023-04-03T12:55:25.258] [INFO] info - 连接数据库成功
[2023-04-03T12:55:27.836] [INFO] info - 连接数据库成功
[2023-04-03T12:58:37.323] [INFO] info - 连接数据库成功
[2023-04-03T12:59:28.613] [INFO] info - 连接数据库成功
[2023-04-03T13:13:00.396] [INFO] info - 删除分类{
  _id: new ObjectId("642a586d15469e59acf41812"),
  name: 'test',
  state: true,
  create_time: '1680496712375',
  __v: 0
}
[2023-04-04T19:42:04.226] [INFO] info - 删除菜单{
  _id: new ObjectId("642a82bb81665751d3cdd2c5"),
  type: 1,
  state: true,
  name: '用户头像',
  icon: 'el-icon-menu',
  path: '/icon',
  parentId: [ new ObjectId("642982bce19155edd9e7e106") ],
  create_time: '1680504391756',
  __v: 0
}
[2023-04-04T19:42:07.315] [INFO] info - 删除菜单{
  _id: new ObjectId("642a7e8781665751d3cdd23d"),
  type: 1,
  state: true,
  name: '用户信息',
  icon: 'el-icon-menu',
  path: '/info',
  parentId: [ new ObjectId("642982bce19155edd9e7e106") ],
  create_time: '1680504391756',
  __v: 0
}
[2023-04-05T19:54:38.136] [INFO] info - 删除角色{
  permissionList: { checkedKeys: [], halfCheckedKeys: [] },
  _id: new ObjectId("642c134340f26b693ce90360"),
  name: '罗fw',
  remark: 'fw',
  create_time: '1680608765109',
  __v: 0
}
[2023-04-05T19:54:40.992] [INFO] info - 删除角色{
  permissionList: { checkedKeys: [], halfCheckedKeys: [] },
  _id: new ObjectId("642c132540f26b693ce90358"),
  name: '罗诗杰',
  remark: '大废物',
  create_time: '1680608765109',
  __v: 0
}
[2023-04-06T16:44:01.588] [INFO] info - 删除用户{
  _id: new ObjectId("642e85cb180e8125d5576e78"),
  username: 'dsadsa',
  password: '$2b$10$p6TCcGpQadiM.saSfwqh5el3kr38EqZqePMlT6pdWBfhcOUvrubF2',
  email: 'dasd',
  phone: 'asd',
  sex: '男',
  state: true,
  roleList: [ new ObjectId("642e844c29e65fefd306f6c0") ],
  create_time: '1680770211717',
  lastLogin_time: '1680770211717',
  __v: 0
}
[2023-04-06T16:44:04.059] [INFO] info - 删除用户{
  _id: new ObjectId("642e85bd180e8125d5576e6b"),
  username: 'test12345',
  password: '$2b$10$p6TCcGpQadiM.saSfwqh5e0YwIK3plOC1eNfInAhfBguooYAVbk1W',
  email: '123213',
  phone: '123213',
  sex: '男',
  state: true,
  roleList: [ new ObjectId("642e844c29e65fefd306f6c0") ],
  create_time: '1680770211717',
  lastLogin_time: '1680770211717',
  __v: 0
}
[2024-10-22T00:00:05.774] [INFO] info - 删除用户{
  _id: new ObjectId("67167a6e72768926a735ef2f"),
  username: '1',
  password: '$2b$10$EHhuI3TKgC3Er0bNFimyVOBeliBHFsit.x50EA4KE7WneqFFKNIEC',
  age: 1,
  address: '1',
  email: '1',
  phone: '1',
  sex: '男',
  state: true,
  create_time: '1729525424896',
  lastLogin_time: '1729525424896',
  __v: 0
}
[2024-10-22T00:00:12.058] [INFO] info - 删除用户{
  _id: new ObjectId("67167144feb389edb528ea31"),
  username: 'sadajshd',
  password: '$2b$10$o6u5IVLEYK8x5LffZAUlNOPL8AA7FvG8MB3APZ3x.uI8R216wYEBa',
  age: 18,
  address: 'asdnjsad',
  email: 'qsohdsa',
  phone: '1232133333',
  sex: '男',
  state: true,
  create_time: '1729523641624',
  lastLogin_time: '1729523641624',
  __v: 0
}
[2024-10-29T20:31:42.197] [INFO] info - 删除用户{
  _id: new ObjectId("64286d08e2cd3c6ce818a9d2"),
  username: 'admin',
  password: '$2b$10$6daq32ZtyRMJzw5EDZmdPujvhl1GH8r4BnTQ33Xi18FsdVd4n44Xy',
  email: '2232304932@qq.com',
  phone: '110',
  sex: '男',
  state: true,
  roleList: [ new ObjectId("642a618ad158aca2ae132e80") ],
  create_time: '1680370950247',
  lastLogin_time: '1730204770117',
  __v: 0,
  age: 123
}
